2019-07-18 22:50:03.728Z INFO [io.github.iainhull.bug.TestActor$] Created
2019-07-18 22:50:03.828Z DEBUG [i.g.iainhull.bug.PersistentActor$] Intercepted message: GetState(Actor[akka://app/temp/$a#0])
2019-07-18 22:50:03.830Z DEBUG [i.g.iainhull.bug.PersistentActor$] Intercepted message: RecoveryPermitGranted
2019-07-18 22:50:03.912Z DEBUG [i.g.iainhull.bug.PersistentActor$] Intercepted message: LoadSnapshotResult(None,9223372036854775807)
2019-07-18 22:50:03.925Z DEBUG [i.g.iainhull.bug.PersistentActor$] Intercepted message: RecoverySuccess(0)
2019-07-18 22:50:03.926Z INFO [i.g.iainhull.bug.PersistentActor$] Received signal RecoveryCompleted
2019-07-18 22:50:03.929Z INFO [i.g.iainhull.bug.PersistentActor$] Received command GetState(Actor[akka://app/temp/$a#0])
2019-07-18 22:50:03.931Z DEBUG [io.github.iainhull.bug.TestActor$] Intercepted message: Storm(0)
2019-07-18 22:50:03.931Z INFO [io.github.iainhull.bug.TestActor$] Starting Storm 0
2019-07-18 22:50:03.933Z INFO [io.github.iainhull.bug.TestActor$] Stopping Storm 0
2019-07-18 22:50:03.933Z DEBUG [io.github.iainhull.bug.TestActor$] Intercepted message: TriggerVerify(0,0)
2019-07-18 22:50:03.934Z DEBUG [i.g.iainhull.bug.PersistentActor$] Intercepted message: RegisterValue(0)
2019-07-18 22:50:03.935Z INFO [i.g.iainhull.bug.PersistentActor$] Received command RegisterValue(0)
2019-07-18 22:50:03.939Z DEBUG [i.g.iainhull.bug.PersistentActor$] Intercepted message: RegisterValue(1)
2019-07-18 22:50:03.939Z DEBUG [i.g.iainhull.bug.PersistentActor$] Intercepted message: RegisterValue(2)
2019-07-18 22:50:03.939Z DEBUG [i.g.iainhull.bug.PersistentActor$] Intercepted message: RegisterValue(3)
2019-07-18 22:50:03.940Z DEBUG [i.g.iainhull.bug.PersistentActor$] Intercepted message: RegisterValue(4)
2019-07-18 22:50:03.940Z DEBUG [i.g.iainhull.bug.PersistentActor$] Intercepted message: RegisterValue(5)
2019-07-18 22:50:03.940Z DEBUG [i.g.iainhull.bug.PersistentActor$] Intercepted message: RegisterValue(6)
2019-07-18 22:50:03.940Z DEBUG [i.g.iainhull.bug.PersistentActor$] Intercepted message: RegisterValue(7)
2019-07-18 22:50:03.940Z DEBUG [i.g.iainhull.bug.PersistentActor$] Intercepted message: RegisterValue(8)
2019-07-18 22:50:03.940Z DEBUG [i.g.iainhull.bug.PersistentActor$] Intercepted message: RegisterValue(9)
2019-07-18 22:50:03.941Z DEBUG [i.g.iainhull.bug.PersistentActor$] Intercepted message: RegisterValue(10)
2019-07-18 22:50:03.941Z DEBUG [i.g.iainhull.bug.PersistentActor$] Intercepted message: RegisterValue(11)
2019-07-18 22:50:03.941Z DEBUG [i.g.iainhull.bug.PersistentActor$] Intercepted message: RegisterValue(12)
2019-07-18 22:50:03.941Z DEBUG [i.g.iainhull.bug.PersistentActor$] Intercepted message: RegisterValue(13)
2019-07-18 22:50:03.941Z DEBUG [i.g.iainhull.bug.PersistentActor$] Intercepted message: RegisterValue(14)
2019-07-18 22:50:03.941Z DEBUG [i.g.iainhull.bug.PersistentActor$] Intercepted message: RegisterValue(15)
2019-07-18 22:50:03.941Z DEBUG [i.g.iainhull.bug.PersistentActor$] Intercepted message: RegisterValue(16)
2019-07-18 22:50:03.941Z DEBUG [i.g.iainhull.bug.PersistentActor$] Intercepted message: RegisterValue(17)
2019-07-18 22:50:03.942Z DEBUG [i.g.iainhull.bug.PersistentActor$] Intercepted message: RegisterValue(18)
2019-07-18 22:50:03.942Z DEBUG [i.g.iainhull.bug.PersistentActor$] Intercepted message: RegisterValue(19)
2019-07-18 22:50:03.942Z DEBUG [i.g.iainhull.bug.PersistentActor$] Intercepted message: RegisterValue(20)
2019-07-18 22:50:03.942Z DEBUG [i.g.iainhull.bug.PersistentActor$] Intercepted message: RegisterValue(21)
2019-07-18 22:50:03.943Z DEBUG [i.g.iainhull.bug.PersistentActor$] Intercepted message: RegisterValue(22)
2019-07-18 22:50:03.943Z DEBUG [i.g.iainhull.bug.PersistentActor$] Intercepted message: RegisterValue(23)
2019-07-18 22:50:03.944Z DEBUG [i.g.iainhull.bug.PersistentActor$] Intercepted message: RegisterValue(24)
2019-07-18 22:50:03.945Z DEBUG [i.g.iainhull.bug.PersistentActor$] Intercepted message: RegisterValue(25)
2019-07-18 22:50:03.945Z DEBUG [i.g.iainhull.bug.PersistentActor$] Intercepted message: RegisterValue(26)
2019-07-18 22:50:03.945Z DEBUG [i.g.iainhull.bug.PersistentActor$] Intercepted message: RegisterValue(27)
2019-07-18 22:50:03.945Z DEBUG [i.g.iainhull.bug.PersistentActor$] Intercepted message: RegisterValue(28)
2019-07-18 22:50:03.946Z DEBUG [i.g.iainhull.bug.PersistentActor$] Intercepted message: RegisterValue(29)
2019-07-18 22:50:03.946Z DEBUG [i.g.iainhull.bug.PersistentActor$] Intercepted message: RegisterValue(30)
2019-07-18 22:50:03.946Z DEBUG [i.g.iainhull.bug.PersistentActor$] Intercepted message: RegisterValue(31)
2019-07-18 22:50:03.946Z DEBUG [i.g.iainhull.bug.PersistentActor$] Intercepted message: RegisterValue(32)
2019-07-18 22:50:03.946Z DEBUG [i.g.iainhull.bug.PersistentActor$] Intercepted message: RegisterValue(33)
2019-07-18 22:50:03.946Z DEBUG [i.g.iainhull.bug.PersistentActor$] Intercepted message: RegisterValue(34)
2019-07-18 22:50:03.946Z DEBUG [i.g.iainhull.bug.PersistentActor$] Intercepted message: RegisterValue(35)
2019-07-18 22:50:03.946Z DEBUG [i.g.iainhull.bug.PersistentActor$] Intercepted message: RegisterValue(36)
2019-07-18 22:50:03.947Z DEBUG [i.g.iainhull.bug.PersistentActor$] Intercepted message: RegisterValue(37)
2019-07-18 22:50:03.947Z DEBUG [i.g.iainhull.bug.PersistentActor$] Intercepted message: RegisterValue(38)
2019-07-18 22:50:03.947Z DEBUG [i.g.iainhull.bug.PersistentActor$] Intercepted message: RegisterValue(39)
2019-07-18 22:50:03.947Z DEBUG [i.g.iainhull.bug.PersistentActor$] Intercepted message: RegisterValue(40)
2019-07-18 22:50:03.947Z DEBUG [i.g.iainhull.bug.PersistentActor$] Intercepted message: RegisterValue(41)
2019-07-18 22:50:03.947Z DEBUG [i.g.iainhull.bug.PersistentActor$] Intercepted message: RegisterValue(42)
2019-07-18 22:50:03.947Z DEBUG [i.g.iainhull.bug.PersistentActor$] Intercepted message: RegisterValue(43)
2019-07-18 22:50:03.947Z DEBUG [i.g.iainhull.bug.PersistentActor$] Intercepted message: RegisterValue(44)
2019-07-18 22:50:03.947Z DEBUG [i.g.iainhull.bug.PersistentActor$] Intercepted message: RegisterValue(45)
2019-07-18 22:50:03.948Z DEBUG [i.g.iainhull.bug.PersistentActor$] Intercepted message: RegisterValue(46)
2019-07-18 22:50:03.948Z DEBUG [i.g.iainhull.bug.PersistentActor$] Intercepted message: RegisterValue(47)
2019-07-18 22:50:03.948Z DEBUG [i.g.iainhull.bug.PersistentActor$] Intercepted message: RegisterValue(48)
2019-07-18 22:50:03.948Z DEBUG [i.g.iainhull.bug.PersistentActor$] Intercepted message: RegisterValue(49)
2019-07-18 22:50:03.948Z DEBUG [i.g.iainhull.bug.PersistentActor$] Intercepted message: RegisterValue(50)
2019-07-18 22:50:03.948Z DEBUG [i.g.iainhull.bug.PersistentActor$] Intercepted message: RegisterValue(51)
2019-07-18 22:50:03.948Z DEBUG [i.g.iainhull.bug.PersistentActor$] Intercepted message: RegisterValue(52)
2019-07-18 22:50:03.948Z DEBUG [i.g.iainhull.bug.PersistentActor$] Intercepted message: RegisterValue(53)
2019-07-18 22:50:03.949Z DEBUG [i.g.iainhull.bug.PersistentActor$] Intercepted message: RegisterValue(54)
2019-07-18 22:50:03.949Z DEBUG [i.g.iainhull.bug.PersistentActor$] Intercepted message: RegisterValue(55)
2019-07-18 22:50:03.949Z DEBUG [i.g.iainhull.bug.PersistentActor$] Intercepted message: RegisterValue(56)
2019-07-18 22:50:03.949Z DEBUG [i.g.iainhull.bug.PersistentActor$] Intercepted message: RegisterValue(57)
2019-07-18 22:50:03.949Z DEBUG [i.g.iainhull.bug.PersistentActor$] Intercepted message: RegisterValue(58)
2019-07-18 22:50:03.949Z DEBUG [i.g.iainhull.bug.PersistentActor$] Intercepted message: RegisterValue(59)
2019-07-18 22:50:03.949Z DEBUG [i.g.iainhull.bug.PersistentActor$] Intercepted message: RegisterValue(60)
2019-07-18 22:50:03.949Z DEBUG [i.g.iainhull.bug.PersistentActor$] Intercepted message: RegisterValue(61)
2019-07-18 22:50:03.949Z DEBUG [i.g.iainhull.bug.PersistentActor$] Intercepted message: RegisterValue(62)
2019-07-18 22:50:03.949Z DEBUG [i.g.iainhull.bug.PersistentActor$] Intercepted message: RegisterValue(63)
2019-07-18 22:50:03.950Z DEBUG [i.g.iainhull.bug.PersistentActor$] Intercepted message: RegisterValue(64)
2019-07-18 22:50:03.950Z DEBUG [i.g.iainhull.bug.PersistentActor$] Intercepted message: RegisterValue(65)
2019-07-18 22:50:03.950Z DEBUG [i.g.iainhull.bug.PersistentActor$] Intercepted message: RegisterValue(66)
2019-07-18 22:50:03.950Z DEBUG [i.g.iainhull.bug.PersistentActor$] Intercepted message: RegisterValue(67)
2019-07-18 22:50:03.950Z DEBUG [i.g.iainhull.bug.PersistentActor$] Intercepted message: RegisterValue(68)
2019-07-18 22:50:03.950Z DEBUG [i.g.iainhull.bug.PersistentActor$] Intercepted message: RegisterValue(69)
2019-07-18 22:50:03.950Z DEBUG [i.g.iainhull.bug.PersistentActor$] Intercepted message: RegisterValue(70)
2019-07-18 22:50:03.953Z DEBUG [i.g.iainhull.bug.PersistentActor$] Intercepted message: RegisterValue(71)
2019-07-18 22:50:03.953Z DEBUG [i.g.iainhull.bug.PersistentActor$] Intercepted message: RegisterValue(72)
2019-07-18 22:50:03.953Z DEBUG [i.g.iainhull.bug.PersistentActor$] Intercepted message: RegisterValue(73)
2019-07-18 22:50:03.953Z DEBUG [i.g.iainhull.bug.PersistentActor$] Intercepted message: RegisterValue(74)
2019-07-18 22:50:03.953Z DEBUG [i.g.iainhull.bug.PersistentActor$] Intercepted message: RegisterValue(75)
2019-07-18 22:50:03.953Z DEBUG [i.g.iainhull.bug.PersistentActor$] Intercepted message: RegisterValue(76)
2019-07-18 22:50:03.954Z DEBUG [i.g.iainhull.bug.PersistentActor$] Intercepted message: RegisterValue(77)
2019-07-18 22:50:03.954Z DEBUG [i.g.iainhull.bug.PersistentActor$] Intercepted message: RegisterValue(78)
2019-07-18 22:50:03.954Z DEBUG [i.g.iainhull.bug.PersistentActor$] Intercepted message: RegisterValue(79)
2019-07-18 22:50:03.954Z DEBUG [i.g.iainhull.bug.PersistentActor$] Intercepted message: RegisterValue(80)
2019-07-18 22:50:03.954Z DEBUG [i.g.iainhull.bug.PersistentActor$] Intercepted message: RegisterValue(81)
2019-07-18 22:50:03.954Z DEBUG [i.g.iainhull.bug.PersistentActor$] Intercepted message: RegisterValue(82)
2019-07-18 22:50:03.954Z DEBUG [i.g.iainhull.bug.PersistentActor$] Intercepted message: RegisterValue(83)
2019-07-18 22:50:03.954Z DEBUG [i.g.iainhull.bug.PersistentActor$] Intercepted message: RegisterValue(84)
2019-07-18 22:50:03.955Z DEBUG [i.g.iainhull.bug.PersistentActor$] Intercepted message: RegisterValue(85)
2019-07-18 22:50:03.955Z DEBUG [i.g.iainhull.bug.PersistentActor$] Intercepted message: RegisterValue(86)
2019-07-18 22:50:03.955Z DEBUG [i.g.iainhull.bug.PersistentActor$] Intercepted message: RegisterValue(87)
2019-07-18 22:50:03.955Z DEBUG [i.g.iainhull.bug.PersistentActor$] Intercepted message: RegisterValue(88)
2019-07-18 22:50:03.955Z DEBUG [i.g.iainhull.bug.PersistentActor$] Intercepted message: RegisterValue(89)
2019-07-18 22:50:03.955Z DEBUG [i.g.iainhull.bug.PersistentActor$] Intercepted message: RegisterValue(90)
2019-07-18 22:50:03.955Z DEBUG [i.g.iainhull.bug.PersistentActor$] Intercepted message: RegisterValue(91)
2019-07-18 22:50:03.955Z DEBUG [i.g.iainhull.bug.PersistentActor$] Intercepted message: RegisterValue(92)
2019-07-18 22:50:03.955Z DEBUG [i.g.iainhull.bug.PersistentActor$] Intercepted message: RegisterValue(93)
2019-07-18 22:50:03.956Z DEBUG [i.g.iainhull.bug.PersistentActor$] Intercepted message: RegisterValue(94)
2019-07-18 22:50:03.956Z DEBUG [i.g.iainhull.bug.PersistentActor$] Intercepted message: RegisterValue(95)
2019-07-18 22:50:03.956Z DEBUG [i.g.iainhull.bug.PersistentActor$] Intercepted message: RegisterValue(96)
2019-07-18 22:50:03.956Z DEBUG [i.g.iainhull.bug.PersistentActor$] Intercepted message: RegisterValue(97)
2019-07-18 22:50:03.956Z DEBUG [i.g.iainhull.bug.PersistentActor$] Intercepted message: RegisterValue(98)
2019-07-18 22:50:03.956Z DEBUG [i.g.iainhull.bug.PersistentActor$] Intercepted message: RegisterValue(99)
2019-07-18 22:50:03.956Z DEBUG [i.g.iainhull.bug.PersistentActor$] Intercepted message: RegisterValue(100)
[WARN] [SECURITY][07/18/2019 23:50:03.976] [app-akka.actor.default-dispatcher-3] [akka.serialization.Serialization(akka://app)] Using the default Java serializer for class [io.github.iainhull.bug.PersistentActor$ValueRegistered] which is not recommended because of performance implications. Use another serializer or disable this warning using the setting 'akka.actor.warn-about-java-serializer-usage'
2019-07-18 22:50:04.104Z DEBUG [i.g.iainhull.bug.PersistentActor$] Intercepted message: WriteMessagesSuccessful
2019-07-18 22:50:04.107Z DEBUG [i.g.iainhull.bug.PersistentActor$] Intercepted message: WriteMessageSuccess(PersistentImpl(ValueRegistered(0),1,persistence,,false,null,e03f4ccb-81eb-4f5f-9510-842a4817935a),1)
2019-07-18 22:50:04.107Z INFO [i.g.iainhull.bug.PersistentActor$] Received command RegisterValue(1)
2019-07-18 22:50:04.115Z DEBUG [i.g.iainhull.bug.PersistentActor$] Intercepted message: WriteMessagesSuccessful
2019-07-18 22:50:04.115Z DEBUG [i.g.iainhull.bug.PersistentActor$] Intercepted message: WriteMessageSuccess(PersistentImpl(ValueRegistered(1),2,persistence,,false,null,e03f4ccb-81eb-4f5f-9510-842a4817935a),1)
2019-07-18 22:50:04.115Z INFO [i.g.iainhull.bug.PersistentActor$] Received command RegisterValue(2)
2019-07-18 22:50:04.119Z DEBUG [i.g.iainhull.bug.PersistentActor$] Intercepted message: WriteMessagesSuccessful
2019-07-18 22:50:04.119Z DEBUG [i.g.iainhull.bug.PersistentActor$] Intercepted message: WriteMessageSuccess(PersistentImpl(ValueRegistered(2),3,persistence,,false,null,e03f4ccb-81eb-4f5f-9510-842a4817935a),1)
2019-07-18 22:50:04.119Z INFO [i.g.iainhull.bug.PersistentActor$] Received command RegisterValue(3)
2019-07-18 22:50:04.122Z DEBUG [i.g.iainhull.bug.PersistentActor$] Intercepted message: WriteMessagesSuccessful
2019-07-18 22:50:04.122Z DEBUG [i.g.iainhull.bug.PersistentActor$] Intercepted message: WriteMessageSuccess(PersistentImpl(ValueRegistered(3),4,persistence,,false,null,e03f4ccb-81eb-4f5f-9510-842a4817935a),1)
2019-07-18 22:50:04.122Z INFO [i.g.iainhull.bug.PersistentActor$] Received command RegisterValue(4)
2019-07-18 22:50:04.125Z DEBUG [i.g.iainhull.bug.PersistentActor$] Intercepted message: WriteMessagesSuccessful
2019-07-18 22:50:04.125Z DEBUG [i.g.iainhull.bug.PersistentActor$] Intercepted message: WriteMessageSuccess(PersistentImpl(ValueRegistered(4),5,persistence,,false,null,e03f4ccb-81eb-4f5f-9510-842a4817935a),1)
2019-07-18 22:50:04.125Z INFO [i.g.iainhull.bug.PersistentActor$] Received command RegisterValue(5)
2019-07-18 22:50:04.129Z DEBUG [i.g.iainhull.bug.PersistentActor$] Intercepted message: WriteMessagesSuccessful
2019-07-18 22:50:04.129Z DEBUG [i.g.iainhull.bug.PersistentActor$] Intercepted message: WriteMessageSuccess(PersistentImpl(ValueRegistered(5),6,persistence,,false,null,e03f4ccb-81eb-4f5f-9510-842a4817935a),1)
2019-07-18 22:50:04.129Z INFO [i.g.iainhull.bug.PersistentActor$] Received command RegisterValue(6)
2019-07-18 22:50:04.132Z DEBUG [i.g.iainhull.bug.PersistentActor$] Intercepted message: WriteMessagesSuccessful
2019-07-18 22:50:04.132Z DEBUG [i.g.iainhull.bug.PersistentActor$] Intercepted message: WriteMessageSuccess(PersistentImpl(ValueRegistered(6),7,persistence,,false,null,e03f4ccb-81eb-4f5f-9510-842a4817935a),1)
2019-07-18 22:50:04.132Z INFO [i.g.iainhull.bug.PersistentActor$] Received command RegisterValue(7)
2019-07-18 22:50:04.135Z DEBUG [i.g.iainhull.bug.PersistentActor$] Intercepted message: WriteMessagesSuccessful
2019-07-18 22:50:04.136Z DEBUG [i.g.iainhull.bug.PersistentActor$] Intercepted message: WriteMessageSuccess(PersistentImpl(ValueRegistered(7),8,persistence,,false,null,e03f4ccb-81eb-4f5f-9510-842a4817935a),1)
2019-07-18 22:50:04.136Z INFO [i.g.iainhull.bug.PersistentActor$] Received command RegisterValue(8)
2019-07-18 22:50:04.139Z DEBUG [i.g.iainhull.bug.PersistentActor$] Intercepted message: WriteMessagesSuccessful
2019-07-18 22:50:04.139Z DEBUG [i.g.iainhull.bug.PersistentActor$] Intercepted message: WriteMessageSuccess(PersistentImpl(ValueRegistered(8),9,persistence,,false,null,e03f4ccb-81eb-4f5f-9510-842a4817935a),1)
2019-07-18 22:50:04.139Z INFO [i.g.iainhull.bug.PersistentActor$] Received command RegisterValue(9)
2019-07-18 22:50:04.139Z INFO [i.g.iainhull.bug.PersistentActor$] Lets snapshot 10 ValueRegistered(9) 10
2019-07-18 22:50:04.143Z DEBUG [i.g.iainhull.bug.PersistentActor$] Intercepted message: WriteMessagesSuccessful
2019-07-18 22:50:04.144Z DEBUG [i.g.iainhull.bug.PersistentActor$] Intercepted message: WriteMessageSuccess(PersistentImpl(ValueRegistered(9),10,persistence,,false,null,e03f4ccb-81eb-4f5f-9510-842a4817935a),1)
[WARN] [SECURITY][07/18/2019 23:50:04.149] [app-akka.persistence.dispatchers.default-plugin-dispatcher-7] [akka.serialization.Serialization(akka://app)] Using the default Java serializer for class [io.github.iainhull.bug.PersistentActor$State] which is not recommended because of performance implications. Use another serializer or disable this warning using the setting 'akka.actor.warn-about-java-serializer-usage'
2019-07-18 22:50:04.203Z DEBUG [io.github.iainhull.bug.TestActor$] Intercepted message: DoVerify(0,0)
2019-07-18 22:50:04.203Z INFO [io.github.iainhull.bug.TestActor$] Starting verify 0, 0
2019-07-18 22:50:04.209Z DEBUG [i.g.iainhull.bug.PersistentActor$] Intercepted message: GetState(Actor[akka://app/temp/$b#0])
2019-07-18 22:50:04.241Z DEBUG [i.g.iainhull.bug.PersistentActor$] Intercepted message: SaveSnapshotSuccess(SnapshotMetadata(persistence,10,1563490204147))
2019-07-18 22:50:04.245Z INFO [i.g.iainhull.bug.PersistentActor$] Received signal SnapshotCompleted(SnapshotMetadata(persistence,10,1563490204147))
2019-07-18 22:50:04.245Z INFO [i.g.iainhull.bug.PersistentActor$] Received command RegisterValue(10)
2019-07-18 22:50:04.254Z DEBUG [i.g.iainhull.bug.PersistentActor$] Intercepted message: WriteMessagesSuccessful
2019-07-18 22:50:04.255Z DEBUG [i.g.iainhull.bug.PersistentActor$] Intercepted message: WriteMessageSuccess(PersistentImpl(ValueRegistered(10),11,persistence,,false,null,e03f4ccb-81eb-4f5f-9510-842a4817935a),1)
2019-07-18 22:50:04.255Z INFO [i.g.iainhull.bug.PersistentActor$] Received command RegisterValue(11)
2019-07-18 22:50:04.264Z DEBUG [i.g.iainhull.bug.PersistentActor$] Intercepted message: WriteMessagesSuccessful
2019-07-18 22:50:04.264Z DEBUG [i.g.iainhull.bug.PersistentActor$] Intercepted message: WriteMessageSuccess(PersistentImpl(ValueRegistered(11),12,persistence,,false,null,e03f4ccb-81eb-4f5f-9510-842a4817935a),1)
2019-07-18 22:50:04.265Z INFO [i.g.iainhull.bug.PersistentActor$] Received command RegisterValue(12)
2019-07-18 22:50:04.268Z DEBUG [i.g.iainhull.bug.PersistentActor$] Intercepted message: WriteMessagesSuccessful
2019-07-18 22:50:04.269Z DEBUG [i.g.iainhull.bug.PersistentActor$] Intercepted message: WriteMessageSuccess(PersistentImpl(ValueRegistered(12),13,persistence,,false,null,e03f4ccb-81eb-4f5f-9510-842a4817935a),1)
2019-07-18 22:50:04.269Z INFO [i.g.iainhull.bug.PersistentActor$] Received command RegisterValue(13)
2019-07-18 22:50:04.273Z DEBUG [i.g.iainhull.bug.PersistentActor$] Intercepted message: WriteMessagesSuccessful
2019-07-18 22:50:04.273Z DEBUG [i.g.iainhull.bug.PersistentActor$] Intercepted message: WriteMessageSuccess(PersistentImpl(ValueRegistered(13),14,persistence,,false,null,e03f4ccb-81eb-4f5f-9510-842a4817935a),1)
2019-07-18 22:50:04.273Z INFO [i.g.iainhull.bug.PersistentActor$] Received command RegisterValue(14)
2019-07-18 22:50:04.277Z DEBUG [i.g.iainhull.bug.PersistentActor$] Intercepted message: WriteMessagesSuccessful
2019-07-18 22:50:04.277Z DEBUG [i.g.iainhull.bug.PersistentActor$] Intercepted message: WriteMessageSuccess(PersistentImpl(ValueRegistered(14),15,persistence,,false,null,e03f4ccb-81eb-4f5f-9510-842a4817935a),1)
2019-07-18 22:50:04.277Z INFO [i.g.iainhull.bug.PersistentActor$] Received command RegisterValue(15)
2019-07-18 22:50:04.280Z DEBUG [i.g.iainhull.bug.PersistentActor$] Intercepted message: WriteMessagesSuccessful
2019-07-18 22:50:04.281Z DEBUG [i.g.iainhull.bug.PersistentActor$] Intercepted message: WriteMessageSuccess(PersistentImpl(ValueRegistered(15),16,persistence,,false,null,e03f4ccb-81eb-4f5f-9510-842a4817935a),1)
2019-07-18 22:50:04.281Z INFO [i.g.iainhull.bug.PersistentActor$] Received command RegisterValue(16)
2019-07-18 22:50:04.284Z DEBUG [i.g.iainhull.bug.PersistentActor$] Intercepted message: WriteMessagesSuccessful
2019-07-18 22:50:04.284Z DEBUG [i.g.iainhull.bug.PersistentActor$] Intercepted message: WriteMessageSuccess(PersistentImpl(ValueRegistered(16),17,persistence,,false,null,e03f4ccb-81eb-4f5f-9510-842a4817935a),1)
2019-07-18 22:50:04.284Z INFO [i.g.iainhull.bug.PersistentActor$] Received command RegisterValue(17)
2019-07-18 22:50:04.287Z DEBUG [i.g.iainhull.bug.PersistentActor$] Intercepted message: WriteMessagesSuccessful
2019-07-18 22:50:04.287Z DEBUG [i.g.iainhull.bug.PersistentActor$] Intercepted message: WriteMessageSuccess(PersistentImpl(ValueRegistered(17),18,persistence,,false,null,e03f4ccb-81eb-4f5f-9510-842a4817935a),1)
2019-07-18 22:50:04.287Z INFO [i.g.iainhull.bug.PersistentActor$] Received command RegisterValue(18)
2019-07-18 22:50:04.291Z DEBUG [i.g.iainhull.bug.PersistentActor$] Intercepted message: WriteMessagesSuccessful
2019-07-18 22:50:04.291Z DEBUG [i.g.iainhull.bug.PersistentActor$] Intercepted message: WriteMessageSuccess(PersistentImpl(ValueRegistered(18),19,persistence,,false,null,e03f4ccb-81eb-4f5f-9510-842a4817935a),1)
2019-07-18 22:50:04.291Z INFO [i.g.iainhull.bug.PersistentActor$] Received command RegisterValue(19)
2019-07-18 22:50:04.291Z INFO [i.g.iainhull.bug.PersistentActor$] Lets snapshot 20 ValueRegistered(19) 20
2019-07-18 22:50:04.294Z DEBUG [i.g.iainhull.bug.PersistentActor$] Intercepted message: WriteMessagesSuccessful
2019-07-18 22:50:04.294Z DEBUG [i.g.iainhull.bug.PersistentActor$] Intercepted message: WriteMessageSuccess(PersistentImpl(ValueRegistered(19),20,persistence,,false,null,e03f4ccb-81eb-4f5f-9510-842a4817935a),1)
2019-07-18 22:50:04.296Z DEBUG [i.g.iainhull.bug.PersistentActor$] Intercepted message: SaveSnapshotSuccess(SnapshotMetadata(persistence,20,1563490204294))
2019-07-18 22:50:04.296Z INFO [i.g.iainhull.bug.PersistentActor$] Received signal SnapshotCompleted(SnapshotMetadata(persistence,20,1563490204294))
2019-07-18 22:50:04.296Z INFO [i.g.iainhull.bug.PersistentActor$] Received command RegisterValue(20)
2019-07-18 22:50:04.302Z DEBUG [i.g.iainhull.bug.PersistentActor$] Intercepted message: WriteMessagesSuccessful
2019-07-18 22:50:04.302Z DEBUG [i.g.iainhull.bug.PersistentActor$] Intercepted message: WriteMessageSuccess(PersistentImpl(ValueRegistered(20),21,persistence,,false,null,e03f4ccb-81eb-4f5f-9510-842a4817935a),1)
2019-07-18 22:50:04.302Z INFO [i.g.iainhull.bug.PersistentActor$] Received command RegisterValue(21)
2019-07-18 22:50:04.305Z DEBUG [i.g.iainhull.bug.PersistentActor$] Intercepted message: WriteMessagesSuccessful
2019-07-18 22:50:04.305Z DEBUG [i.g.iainhull.bug.PersistentActor$] Intercepted message: WriteMessageSuccess(PersistentImpl(ValueRegistered(21),22,persistence,,false,null,e03f4ccb-81eb-4f5f-9510-842a4817935a),1)
2019-07-18 22:50:04.306Z INFO [i.g.iainhull.bug.PersistentActor$] Received command RegisterValue(22)
2019-07-18 22:50:04.309Z DEBUG [i.g.iainhull.bug.PersistentActor$] Intercepted message: WriteMessagesSuccessful
2019-07-18 22:50:04.309Z DEBUG [i.g.iainhull.bug.PersistentActor$] Intercepted message: WriteMessageSuccess(PersistentImpl(ValueRegistered(22),23,persistence,,false,null,e03f4ccb-81eb-4f5f-9510-842a4817935a),1)
2019-07-18 22:50:04.309Z INFO [i.g.iainhull.bug.PersistentActor$] Received command RegisterValue(23)
2019-07-18 22:50:04.312Z DEBUG [i.g.iainhull.bug.PersistentActor$] Intercepted message: WriteMessagesSuccessful
2019-07-18 22:50:04.313Z DEBUG [i.g.iainhull.bug.PersistentActor$] Intercepted message: WriteMessageSuccess(PersistentImpl(ValueRegistered(23),24,persistence,,false,null,e03f4ccb-81eb-4f5f-9510-842a4817935a),1)
2019-07-18 22:50:04.313Z INFO [i.g.iainhull.bug.PersistentActor$] Received command RegisterValue(24)
2019-07-18 22:50:04.316Z DEBUG [i.g.iainhull.bug.PersistentActor$] Intercepted message: WriteMessagesSuccessful
2019-07-18 22:50:04.316Z DEBUG [i.g.iainhull.bug.PersistentActor$] Intercepted message: WriteMessageSuccess(PersistentImpl(ValueRegistered(24),25,persistence,,false,null,e03f4ccb-81eb-4f5f-9510-842a4817935a),1)
2019-07-18 22:50:04.316Z INFO [i.g.iainhull.bug.PersistentActor$] Received command RegisterValue(25)
2019-07-18 22:50:04.319Z DEBUG [i.g.iainhull.bug.PersistentActor$] Intercepted message: WriteMessagesSuccessful
2019-07-18 22:50:04.319Z DEBUG [i.g.iainhull.bug.PersistentActor$] Intercepted message: WriteMessageSuccess(PersistentImpl(ValueRegistered(25),26,persistence,,false,null,e03f4ccb-81eb-4f5f-9510-842a4817935a),1)
2019-07-18 22:50:04.319Z INFO [i.g.iainhull.bug.PersistentActor$] Received command RegisterValue(26)
2019-07-18 22:50:04.322Z DEBUG [i.g.iainhull.bug.PersistentActor$] Intercepted message: WriteMessagesSuccessful
2019-07-18 22:50:04.322Z DEBUG [i.g.iainhull.bug.PersistentActor$] Intercepted message: WriteMessageSuccess(PersistentImpl(ValueRegistered(26),27,persistence,,false,null,e03f4ccb-81eb-4f5f-9510-842a4817935a),1)
2019-07-18 22:50:04.322Z INFO [i.g.iainhull.bug.PersistentActor$] Received command RegisterValue(27)
2019-07-18 22:50:04.325Z DEBUG [i.g.iainhull.bug.PersistentActor$] Intercepted message: WriteMessagesSuccessful
2019-07-18 22:50:04.325Z DEBUG [i.g.iainhull.bug.PersistentActor$] Intercepted message: WriteMessageSuccess(PersistentImpl(ValueRegistered(27),28,persistence,,false,null,e03f4ccb-81eb-4f5f-9510-842a4817935a),1)
2019-07-18 22:50:04.325Z INFO [i.g.iainhull.bug.PersistentActor$] Received command RegisterValue(28)
2019-07-18 22:50:04.328Z DEBUG [i.g.iainhull.bug.PersistentActor$] Intercepted message: WriteMessagesSuccessful
2019-07-18 22:50:04.328Z DEBUG [i.g.iainhull.bug.PersistentActor$] Intercepted message: WriteMessageSuccess(PersistentImpl(ValueRegistered(28),29,persistence,,false,null,e03f4ccb-81eb-4f5f-9510-842a4817935a),1)
2019-07-18 22:50:04.328Z INFO [i.g.iainhull.bug.PersistentActor$] Received command RegisterValue(29)
2019-07-18 22:50:04.328Z INFO [i.g.iainhull.bug.PersistentActor$] Lets snapshot 30 ValueRegistered(29) 30
2019-07-18 22:50:04.330Z DEBUG [i.g.iainhull.bug.PersistentActor$] Intercepted message: WriteMessagesSuccessful
2019-07-18 22:50:04.331Z DEBUG [i.g.iainhull.bug.PersistentActor$] Intercepted message: WriteMessageSuccess(PersistentImpl(ValueRegistered(29),30,persistence,,false,null,e03f4ccb-81eb-4f5f-9510-842a4817935a),1)
2019-07-18 22:50:04.332Z DEBUG [i.g.iainhull.bug.PersistentActor$] Intercepted message: SaveSnapshotSuccess(SnapshotMetadata(persistence,30,1563490204331))
2019-07-18 22:50:04.332Z INFO [i.g.iainhull.bug.PersistentActor$] Received signal SnapshotCompleted(SnapshotMetadata(persistence,30,1563490204331))
2019-07-18 22:50:04.332Z INFO [i.g.iainhull.bug.PersistentActor$] Received command RegisterValue(30)
2019-07-18 22:50:04.335Z DEBUG [i.g.iainhull.bug.PersistentActor$] Intercepted message: WriteMessagesSuccessful
2019-07-18 22:50:04.335Z DEBUG [i.g.iainhull.bug.PersistentActor$] Intercepted message: WriteMessageSuccess(PersistentImpl(ValueRegistered(30),31,persistence,,false,null,e03f4ccb-81eb-4f5f-9510-842a4817935a),1)
2019-07-18 22:50:04.335Z INFO [i.g.iainhull.bug.PersistentActor$] Received command RegisterValue(31)
2019-07-18 22:50:04.338Z DEBUG [i.g.iainhull.bug.PersistentActor$] Intercepted message: WriteMessagesSuccessful
2019-07-18 22:50:04.338Z DEBUG [i.g.iainhull.bug.PersistentActor$] Intercepted message: WriteMessageSuccess(PersistentImpl(ValueRegistered(31),32,persistence,,false,null,e03f4ccb-81eb-4f5f-9510-842a4817935a),1)
2019-07-18 22:50:04.338Z INFO [i.g.iainhull.bug.PersistentActor$] Received command RegisterValue(32)
2019-07-18 22:50:04.342Z DEBUG [i.g.iainhull.bug.PersistentActor$] Intercepted message: WriteMessagesSuccessful
2019-07-18 22:50:04.342Z DEBUG [i.g.iainhull.bug.PersistentActor$] Intercepted message: WriteMessageSuccess(PersistentImpl(ValueRegistered(32),33,persistence,,false,null,e03f4ccb-81eb-4f5f-9510-842a4817935a),1)
2019-07-18 22:50:04.342Z INFO [i.g.iainhull.bug.PersistentActor$] Received command RegisterValue(33)
2019-07-18 22:50:04.346Z DEBUG [i.g.iainhull.bug.PersistentActor$] Intercepted message: WriteMessagesSuccessful
2019-07-18 22:50:04.346Z DEBUG [i.g.iainhull.bug.PersistentActor$] Intercepted message: WriteMessageSuccess(PersistentImpl(ValueRegistered(33),34,persistence,,false,null,e03f4ccb-81eb-4f5f-9510-842a4817935a),1)
2019-07-18 22:50:04.346Z INFO [i.g.iainhull.bug.PersistentActor$] Received command RegisterValue(34)
2019-07-18 22:50:04.354Z DEBUG [i.g.iainhull.bug.PersistentActor$] Intercepted message: WriteMessagesSuccessful
2019-07-18 22:50:04.354Z DEBUG [i.g.iainhull.bug.PersistentActor$] Intercepted message: WriteMessageSuccess(PersistentImpl(ValueRegistered(34),35,persistence,,false,null,e03f4ccb-81eb-4f5f-9510-842a4817935a),1)
2019-07-18 22:50:04.354Z INFO [i.g.iainhull.bug.PersistentActor$] Received command RegisterValue(35)
2019-07-18 22:50:04.361Z DEBUG [i.g.iainhull.bug.PersistentActor$] Intercepted message: WriteMessagesSuccessful
2019-07-18 22:50:04.362Z DEBUG [i.g.iainhull.bug.PersistentActor$] Intercepted message: WriteMessageSuccess(PersistentImpl(ValueRegistered(35),36,persistence,,false,null,e03f4ccb-81eb-4f5f-9510-842a4817935a),1)
2019-07-18 22:50:04.363Z INFO [i.g.iainhull.bug.PersistentActor$] Received command RegisterValue(36)
2019-07-18 22:50:04.369Z DEBUG [i.g.iainhull.bug.PersistentActor$] Intercepted message: WriteMessagesSuccessful
2019-07-18 22:50:04.369Z DEBUG [i.g.iainhull.bug.PersistentActor$] Intercepted message: WriteMessageSuccess(PersistentImpl(ValueRegistered(36),37,persistence,,false,null,e03f4ccb-81eb-4f5f-9510-842a4817935a),1)
2019-07-18 22:50:04.369Z INFO [i.g.iainhull.bug.PersistentActor$] Received command RegisterValue(37)
2019-07-18 22:50:04.374Z DEBUG [i.g.iainhull.bug.PersistentActor$] Intercepted message: WriteMessagesSuccessful
2019-07-18 22:50:04.374Z DEBUG [i.g.iainhull.bug.PersistentActor$] Intercepted message: WriteMessageSuccess(PersistentImpl(ValueRegistered(37),38,persistence,,false,null,e03f4ccb-81eb-4f5f-9510-842a4817935a),1)
2019-07-18 22:50:04.375Z INFO [i.g.iainhull.bug.PersistentActor$] Received command RegisterValue(38)
2019-07-18 22:50:04.382Z DEBUG [i.g.iainhull.bug.PersistentActor$] Intercepted message: WriteMessagesSuccessful
2019-07-18 22:50:04.382Z DEBUG [i.g.iainhull.bug.PersistentActor$] Intercepted message: WriteMessageSuccess(PersistentImpl(ValueRegistered(38),39,persistence,,false,null,e03f4ccb-81eb-4f5f-9510-842a4817935a),1)
2019-07-18 22:50:04.382Z INFO [i.g.iainhull.bug.PersistentActor$] Received command RegisterValue(39)
2019-07-18 22:50:04.382Z INFO [i.g.iainhull.bug.PersistentActor$] Lets snapshot 40 ValueRegistered(39) 40
2019-07-18 22:50:04.387Z DEBUG [i.g.iainhull.bug.PersistentActor$] Intercepted message: WriteMessagesSuccessful
2019-07-18 22:50:04.388Z DEBUG [i.g.iainhull.bug.PersistentActor$] Intercepted message: WriteMessageSuccess(PersistentImpl(ValueRegistered(39),40,persistence,,false,null,e03f4ccb-81eb-4f5f-9510-842a4817935a),1)
2019-07-18 22:50:04.393Z DEBUG [i.g.iainhull.bug.PersistentActor$] Intercepted message: SaveSnapshotSuccess(SnapshotMetadata(persistence,40,1563490204389))
2019-07-18 22:50:04.394Z INFO [i.g.iainhull.bug.PersistentActor$] Received signal SnapshotCompleted(SnapshotMetadata(persistence,40,1563490204389))
2019-07-18 22:50:04.394Z INFO [i.g.iainhull.bug.PersistentActor$] Received command RegisterValue(40)
2019-07-18 22:50:04.399Z DEBUG [i.g.iainhull.bug.PersistentActor$] Intercepted message: WriteMessagesSuccessful
2019-07-18 22:50:04.399Z DEBUG [i.g.iainhull.bug.PersistentActor$] Intercepted message: WriteMessageSuccess(PersistentImpl(ValueRegistered(40),41,persistence,,false,null,e03f4ccb-81eb-4f5f-9510-842a4817935a),1)
2019-07-18 22:50:04.399Z INFO [i.g.iainhull.bug.PersistentActor$] Received command RegisterValue(41)
2019-07-18 22:50:04.408Z DEBUG [i.g.iainhull.bug.PersistentActor$] Intercepted message: WriteMessagesSuccessful
2019-07-18 22:50:04.408Z DEBUG [i.g.iainhull.bug.PersistentActor$] Intercepted message: WriteMessageSuccess(PersistentImpl(ValueRegistered(41),42,persistence,,false,null,e03f4ccb-81eb-4f5f-9510-842a4817935a),1)
2019-07-18 22:50:04.408Z INFO [i.g.iainhull.bug.PersistentActor$] Received command RegisterValue(42)
2019-07-18 22:50:04.413Z DEBUG [i.g.iainhull.bug.PersistentActor$] Intercepted message: WriteMessagesSuccessful
2019-07-18 22:50:04.413Z DEBUG [i.g.iainhull.bug.PersistentActor$] Intercepted message: WriteMessageSuccess(PersistentImpl(ValueRegistered(42),43,persistence,,false,null,e03f4ccb-81eb-4f5f-9510-842a4817935a),1)
2019-07-18 22:50:04.413Z INFO [i.g.iainhull.bug.PersistentActor$] Received command RegisterValue(43)
2019-07-18 22:50:04.418Z DEBUG [i.g.iainhull.bug.PersistentActor$] Intercepted message: WriteMessagesSuccessful
2019-07-18 22:50:04.419Z DEBUG [i.g.iainhull.bug.PersistentActor$] Intercepted message: WriteMessageSuccess(PersistentImpl(ValueRegistered(43),44,persistence,,false,null,e03f4ccb-81eb-4f5f-9510-842a4817935a),1)
2019-07-18 22:50:04.419Z INFO [i.g.iainhull.bug.PersistentActor$] Received command RegisterValue(44)
2019-07-18 22:50:04.424Z DEBUG [i.g.iainhull.bug.PersistentActor$] Intercepted message: WriteMessagesSuccessful
2019-07-18 22:50:04.425Z DEBUG [i.g.iainhull.bug.PersistentActor$] Intercepted message: WriteMessageSuccess(PersistentImpl(ValueRegistered(44),45,persistence,,false,null,e03f4ccb-81eb-4f5f-9510-842a4817935a),1)
2019-07-18 22:50:04.425Z INFO [i.g.iainhull.bug.PersistentActor$] Received command RegisterValue(45)
2019-07-18 22:50:04.431Z DEBUG [i.g.iainhull.bug.PersistentActor$] Intercepted message: WriteMessagesSuccessful
2019-07-18 22:50:04.432Z DEBUG [i.g.iainhull.bug.PersistentActor$] Intercepted message: WriteMessageSuccess(PersistentImpl(ValueRegistered(45),46,persistence,,false,null,e03f4ccb-81eb-4f5f-9510-842a4817935a),1)
2019-07-18 22:50:04.432Z INFO [i.g.iainhull.bug.PersistentActor$] Received command RegisterValue(46)
2019-07-18 22:50:04.437Z DEBUG [i.g.iainhull.bug.PersistentActor$] Intercepted message: WriteMessagesSuccessful
2019-07-18 22:50:04.438Z DEBUG [i.g.iainhull.bug.PersistentActor$] Intercepted message: WriteMessageSuccess(PersistentImpl(ValueRegistered(46),47,persistence,,false,null,e03f4ccb-81eb-4f5f-9510-842a4817935a),1)
2019-07-18 22:50:04.438Z INFO [i.g.iainhull.bug.PersistentActor$] Received command RegisterValue(47)
2019-07-18 22:50:04.443Z DEBUG [i.g.iainhull.bug.PersistentActor$] Intercepted message: WriteMessagesSuccessful
2019-07-18 22:50:04.443Z DEBUG [i.g.iainhull.bug.PersistentActor$] Intercepted message: WriteMessageSuccess(PersistentImpl(ValueRegistered(47),48,persistence,,false,null,e03f4ccb-81eb-4f5f-9510-842a4817935a),1)
2019-07-18 22:50:04.444Z INFO [i.g.iainhull.bug.PersistentActor$] Received command RegisterValue(48)
2019-07-18 22:50:04.449Z DEBUG [i.g.iainhull.bug.PersistentActor$] Intercepted message: WriteMessagesSuccessful
2019-07-18 22:50:04.449Z DEBUG [i.g.iainhull.bug.PersistentActor$] Intercepted message: WriteMessageSuccess(PersistentImpl(ValueRegistered(48),49,persistence,,false,null,e03f4ccb-81eb-4f5f-9510-842a4817935a),1)
2019-07-18 22:50:04.449Z INFO [i.g.iainhull.bug.PersistentActor$] Received command RegisterValue(49)
2019-07-18 22:50:04.450Z INFO [i.g.iainhull.bug.PersistentActor$] Lets snapshot 50 ValueRegistered(49) 50
2019-07-18 22:50:04.454Z DEBUG [i.g.iainhull.bug.PersistentActor$] Intercepted message: WriteMessagesSuccessful
2019-07-18 22:50:04.455Z DEBUG [i.g.iainhull.bug.PersistentActor$] Intercepted message: WriteMessageSuccess(PersistentImpl(ValueRegistered(49),50,persistence,,false,null,e03f4ccb-81eb-4f5f-9510-842a4817935a),1)
2019-07-18 22:50:04.458Z DEBUG [i.g.iainhull.bug.PersistentActor$] Intercepted message: SaveSnapshotSuccess(SnapshotMetadata(persistence,50,1563490204455))
2019-07-18 22:50:04.458Z INFO [i.g.iainhull.bug.PersistentActor$] Received signal SnapshotCompleted(SnapshotMetadata(persistence,50,1563490204455))
2019-07-18 22:50:04.458Z INFO [i.g.iainhull.bug.PersistentActor$] Received command RegisterValue(50)
2019-07-18 22:50:04.462Z DEBUG [i.g.iainhull.bug.PersistentActor$] Intercepted message: WriteMessagesSuccessful
2019-07-18 22:50:04.462Z DEBUG [i.g.iainhull.bug.PersistentActor$] Intercepted message: WriteMessageSuccess(PersistentImpl(ValueRegistered(50),51,persistence,,false,null,e03f4ccb-81eb-4f5f-9510-842a4817935a),1)
2019-07-18 22:50:04.462Z INFO [i.g.iainhull.bug.PersistentActor$] Received command RegisterValue(51)
2019-07-18 22:50:04.466Z DEBUG [i.g.iainhull.bug.PersistentActor$] Intercepted message: WriteMessagesSuccessful
2019-07-18 22:50:04.466Z DEBUG [i.g.iainhull.bug.PersistentActor$] Intercepted message: WriteMessageSuccess(PersistentImpl(ValueRegistered(51),52,persistence,,false,null,e03f4ccb-81eb-4f5f-9510-842a4817935a),1)
2019-07-18 22:50:04.466Z INFO [i.g.iainhull.bug.PersistentActor$] Received command RegisterValue(52)
2019-07-18 22:50:04.468Z DEBUG [i.g.iainhull.bug.PersistentActor$] Intercepted message: WriteMessagesSuccessful
2019-07-18 22:50:04.469Z DEBUG [i.g.iainhull.bug.PersistentActor$] Intercepted message: WriteMessageSuccess(PersistentImpl(ValueRegistered(52),53,persistence,,false,null,e03f4ccb-81eb-4f5f-9510-842a4817935a),1)
2019-07-18 22:50:04.469Z INFO [i.g.iainhull.bug.PersistentActor$] Received command RegisterValue(53)
2019-07-18 22:50:04.472Z DEBUG [i.g.iainhull.bug.PersistentActor$] Intercepted message: WriteMessagesSuccessful
2019-07-18 22:50:04.472Z DEBUG [i.g.iainhull.bug.PersistentActor$] Intercepted message: WriteMessageSuccess(PersistentImpl(ValueRegistered(53),54,persistence,,false,null,e03f4ccb-81eb-4f5f-9510-842a4817935a),1)
2019-07-18 22:50:04.472Z INFO [i.g.iainhull.bug.PersistentActor$] Received command RegisterValue(54)
2019-07-18 22:50:04.474Z DEBUG [i.g.iainhull.bug.PersistentActor$] Intercepted message: WriteMessagesSuccessful
2019-07-18 22:50:04.474Z DEBUG [i.g.iainhull.bug.PersistentActor$] Intercepted message: WriteMessageSuccess(PersistentImpl(ValueRegistered(54),55,persistence,,false,null,e03f4ccb-81eb-4f5f-9510-842a4817935a),1)
2019-07-18 22:50:04.474Z INFO [i.g.iainhull.bug.PersistentActor$] Received command RegisterValue(55)
2019-07-18 22:50:04.477Z DEBUG [i.g.iainhull.bug.PersistentActor$] Intercepted message: WriteMessagesSuccessful
2019-07-18 22:50:04.477Z DEBUG [i.g.iainhull.bug.PersistentActor$] Intercepted message: WriteMessageSuccess(PersistentImpl(ValueRegistered(55),56,persistence,,false,null,e03f4ccb-81eb-4f5f-9510-842a4817935a),1)
2019-07-18 22:50:04.477Z INFO [i.g.iainhull.bug.PersistentActor$] Received command RegisterValue(56)
2019-07-18 22:50:04.480Z DEBUG [i.g.iainhull.bug.PersistentActor$] Intercepted message: WriteMessagesSuccessful
2019-07-18 22:50:04.480Z DEBUG [i.g.iainhull.bug.PersistentActor$] Intercepted message: WriteMessageSuccess(PersistentImpl(ValueRegistered(56),57,persistence,,false,null,e03f4ccb-81eb-4f5f-9510-842a4817935a),1)
2019-07-18 22:50:04.480Z INFO [i.g.iainhull.bug.PersistentActor$] Received command RegisterValue(57)
2019-07-18 22:50:04.482Z DEBUG [i.g.iainhull.bug.PersistentActor$] Intercepted message: WriteMessagesSuccessful
2019-07-18 22:50:04.482Z DEBUG [i.g.iainhull.bug.PersistentActor$] Intercepted message: WriteMessageSuccess(PersistentImpl(ValueRegistered(57),58,persistence,,false,null,e03f4ccb-81eb-4f5f-9510-842a4817935a),1)
2019-07-18 22:50:04.483Z INFO [i.g.iainhull.bug.PersistentActor$] Received command RegisterValue(58)
2019-07-18 22:50:04.485Z DEBUG [i.g.iainhull.bug.PersistentActor$] Intercepted message: WriteMessagesSuccessful
2019-07-18 22:50:04.485Z DEBUG [i.g.iainhull.bug.PersistentActor$] Intercepted message: WriteMessageSuccess(PersistentImpl(ValueRegistered(58),59,persistence,,false,null,e03f4ccb-81eb-4f5f-9510-842a4817935a),1)
2019-07-18 22:50:04.485Z INFO [i.g.iainhull.bug.PersistentActor$] Received command RegisterValue(59)
2019-07-18 22:50:04.485Z INFO [i.g.iainhull.bug.PersistentActor$] Lets snapshot 60 ValueRegistered(59) 60
2019-07-18 22:50:04.487Z DEBUG [i.g.iainhull.bug.PersistentActor$] Intercepted message: WriteMessagesSuccessful
2019-07-18 22:50:04.488Z DEBUG [i.g.iainhull.bug.PersistentActor$] Intercepted message: WriteMessageSuccess(PersistentImpl(ValueRegistered(59),60,persistence,,false,null,e03f4ccb-81eb-4f5f-9510-842a4817935a),1)
2019-07-18 22:50:04.489Z DEBUG [i.g.iainhull.bug.PersistentActor$] Intercepted message: SaveSnapshotSuccess(SnapshotMetadata(persistence,60,1563490204488))
2019-07-18 22:50:04.489Z INFO [i.g.iainhull.bug.PersistentActor$] Received signal SnapshotCompleted(SnapshotMetadata(persistence,60,1563490204488))
2019-07-18 22:50:04.489Z INFO [i.g.iainhull.bug.PersistentActor$] Received command RegisterValue(60)
2019-07-18 22:50:04.491Z DEBUG [i.g.iainhull.bug.PersistentActor$] Intercepted message: WriteMessagesSuccessful
2019-07-18 22:50:04.491Z DEBUG [i.g.iainhull.bug.PersistentActor$] Intercepted message: WriteMessageSuccess(PersistentImpl(ValueRegistered(60),61,persistence,,false,null,e03f4ccb-81eb-4f5f-9510-842a4817935a),1)
2019-07-18 22:50:04.491Z INFO [i.g.iainhull.bug.PersistentActor$] Received command RegisterValue(61)
2019-07-18 22:50:04.494Z DEBUG [i.g.iainhull.bug.PersistentActor$] Intercepted message: WriteMessagesSuccessful
2019-07-18 22:50:04.494Z DEBUG [i.g.iainhull.bug.PersistentActor$] Intercepted message: WriteMessageSuccess(PersistentImpl(ValueRegistered(61),62,persistence,,false,null,e03f4ccb-81eb-4f5f-9510-842a4817935a),1)
2019-07-18 22:50:04.494Z INFO [i.g.iainhull.bug.PersistentActor$] Received command RegisterValue(62)
2019-07-18 22:50:04.496Z DEBUG [i.g.iainhull.bug.PersistentActor$] Intercepted message: WriteMessagesSuccessful
2019-07-18 22:50:04.496Z DEBUG [i.g.iainhull.bug.PersistentActor$] Intercepted message: WriteMessageSuccess(PersistentImpl(ValueRegistered(62),63,persistence,,false,null,e03f4ccb-81eb-4f5f-9510-842a4817935a),1)
2019-07-18 22:50:04.496Z INFO [i.g.iainhull.bug.PersistentActor$] Received command RegisterValue(63)
2019-07-18 22:50:04.499Z DEBUG [i.g.iainhull.bug.PersistentActor$] Intercepted message: WriteMessagesSuccessful
2019-07-18 22:50:04.499Z DEBUG [i.g.iainhull.bug.PersistentActor$] Intercepted message: WriteMessageSuccess(PersistentImpl(ValueRegistered(63),64,persistence,,false,null,e03f4ccb-81eb-4f5f-9510-842a4817935a),1)
2019-07-18 22:50:04.499Z INFO [i.g.iainhull.bug.PersistentActor$] Received command RegisterValue(64)
2019-07-18 22:50:04.501Z DEBUG [i.g.iainhull.bug.PersistentActor$] Intercepted message: WriteMessagesSuccessful
2019-07-18 22:50:04.501Z DEBUG [i.g.iainhull.bug.PersistentActor$] Intercepted message: WriteMessageSuccess(PersistentImpl(ValueRegistered(64),65,persistence,,false,null,e03f4ccb-81eb-4f5f-9510-842a4817935a),1)
2019-07-18 22:50:04.501Z INFO [i.g.iainhull.bug.PersistentActor$] Received command RegisterValue(65)
2019-07-18 22:50:04.503Z DEBUG [i.g.iainhull.bug.PersistentActor$] Intercepted message: WriteMessagesSuccessful
2019-07-18 22:50:04.503Z DEBUG [i.g.iainhull.bug.PersistentActor$] Intercepted message: WriteMessageSuccess(PersistentImpl(ValueRegistered(65),66,persistence,,false,null,e03f4ccb-81eb-4f5f-9510-842a4817935a),1)
2019-07-18 22:50:04.503Z INFO [i.g.iainhull.bug.PersistentActor$] Received command RegisterValue(66)
2019-07-18 22:50:04.505Z DEBUG [i.g.iainhull.bug.PersistentActor$] Intercepted message: WriteMessagesSuccessful
2019-07-18 22:50:04.506Z DEBUG [i.g.iainhull.bug.PersistentActor$] Intercepted message: WriteMessageSuccess(PersistentImpl(ValueRegistered(66),67,persistence,,false,null,e03f4ccb-81eb-4f5f-9510-842a4817935a),1)
2019-07-18 22:50:04.506Z INFO [i.g.iainhull.bug.PersistentActor$] Received command RegisterValue(67)
2019-07-18 22:50:04.508Z DEBUG [i.g.iainhull.bug.PersistentActor$] Intercepted message: WriteMessagesSuccessful
2019-07-18 22:50:04.508Z DEBUG [i.g.iainhull.bug.PersistentActor$] Intercepted message: WriteMessageSuccess(PersistentImpl(ValueRegistered(67),68,persistence,,false,null,e03f4ccb-81eb-4f5f-9510-842a4817935a),1)
2019-07-18 22:50:04.508Z INFO [i.g.iainhull.bug.PersistentActor$] Received command RegisterValue(68)
2019-07-18 22:50:04.510Z DEBUG [i.g.iainhull.bug.PersistentActor$] Intercepted message: WriteMessagesSuccessful
2019-07-18 22:50:04.510Z DEBUG [i.g.iainhull.bug.PersistentActor$] Intercepted message: WriteMessageSuccess(PersistentImpl(ValueRegistered(68),69,persistence,,false,null,e03f4ccb-81eb-4f5f-9510-842a4817935a),1)
2019-07-18 22:50:04.510Z INFO [i.g.iainhull.bug.PersistentActor$] Received command RegisterValue(69)
2019-07-18 22:50:04.510Z INFO [i.g.iainhull.bug.PersistentActor$] Lets snapshot 70 ValueRegistered(69) 70
2019-07-18 22:50:04.512Z DEBUG [i.g.iainhull.bug.PersistentActor$] Intercepted message: WriteMessagesSuccessful
2019-07-18 22:50:04.512Z DEBUG [i.g.iainhull.bug.PersistentActor$] Intercepted message: WriteMessageSuccess(PersistentImpl(ValueRegistered(69),70,persistence,,false,null,e03f4ccb-81eb-4f5f-9510-842a4817935a),1)
2019-07-18 22:50:04.513Z DEBUG [i.g.iainhull.bug.PersistentActor$] Intercepted message: SaveSnapshotSuccess(SnapshotMetadata(persistence,70,1563490204512))
2019-07-18 22:50:04.513Z INFO [i.g.iainhull.bug.PersistentActor$] Received signal SnapshotCompleted(SnapshotMetadata(persistence,70,1563490204512))
2019-07-18 22:50:04.514Z INFO [i.g.iainhull.bug.PersistentActor$] Received command RegisterValue(70)
2019-07-18 22:50:04.516Z DEBUG [i.g.iainhull.bug.PersistentActor$] Intercepted message: WriteMessagesSuccessful
2019-07-18 22:50:04.516Z DEBUG [i.g.iainhull.bug.PersistentActor$] Intercepted message: WriteMessageSuccess(PersistentImpl(ValueRegistered(70),71,persistence,,false,null,e03f4ccb-81eb-4f5f-9510-842a4817935a),1)
2019-07-18 22:50:04.516Z INFO [i.g.iainhull.bug.PersistentActor$] Received command RegisterValue(71)
2019-07-18 22:50:04.518Z DEBUG [i.g.iainhull.bug.PersistentActor$] Intercepted message: WriteMessagesSuccessful
2019-07-18 22:50:04.518Z DEBUG [i.g.iainhull.bug.PersistentActor$] Intercepted message: WriteMessageSuccess(PersistentImpl(ValueRegistered(71),72,persistence,,false,null,e03f4ccb-81eb-4f5f-9510-842a4817935a),1)
2019-07-18 22:50:04.518Z INFO [i.g.iainhull.bug.PersistentActor$] Received command RegisterValue(72)
2019-07-18 22:50:04.521Z DEBUG [i.g.iainhull.bug.PersistentActor$] Intercepted message: WriteMessagesSuccessful
2019-07-18 22:50:04.521Z DEBUG [i.g.iainhull.bug.PersistentActor$] Intercepted message: WriteMessageSuccess(PersistentImpl(ValueRegistered(72),73,persistence,,false,null,e03f4ccb-81eb-4f5f-9510-842a4817935a),1)
2019-07-18 22:50:04.521Z INFO [i.g.iainhull.bug.PersistentActor$] Received command RegisterValue(73)
2019-07-18 22:50:04.523Z DEBUG [i.g.iainhull.bug.PersistentActor$] Intercepted message: WriteMessagesSuccessful
2019-07-18 22:50:04.523Z DEBUG [i.g.iainhull.bug.PersistentActor$] Intercepted message: WriteMessageSuccess(PersistentImpl(ValueRegistered(73),74,persistence,,false,null,e03f4ccb-81eb-4f5f-9510-842a4817935a),1)
2019-07-18 22:50:04.523Z INFO [i.g.iainhull.bug.PersistentActor$] Received command RegisterValue(74)
2019-07-18 22:50:04.525Z DEBUG [i.g.iainhull.bug.PersistentActor$] Intercepted message: WriteMessagesSuccessful
2019-07-18 22:50:04.525Z DEBUG [i.g.iainhull.bug.PersistentActor$] Intercepted message: WriteMessageSuccess(PersistentImpl(ValueRegistered(74),75,persistence,,false,null,e03f4ccb-81eb-4f5f-9510-842a4817935a),1)
2019-07-18 22:50:04.525Z INFO [i.g.iainhull.bug.PersistentActor$] Received command RegisterValue(75)
2019-07-18 22:50:04.528Z DEBUG [i.g.iainhull.bug.PersistentActor$] Intercepted message: WriteMessagesSuccessful
2019-07-18 22:50:04.528Z DEBUG [i.g.iainhull.bug.PersistentActor$] Intercepted message: WriteMessageSuccess(PersistentImpl(ValueRegistered(75),76,persistence,,false,null,e03f4ccb-81eb-4f5f-9510-842a4817935a),1)
2019-07-18 22:50:04.528Z INFO [i.g.iainhull.bug.PersistentActor$] Received command RegisterValue(76)
2019-07-18 22:50:04.530Z DEBUG [i.g.iainhull.bug.PersistentActor$] Intercepted message: WriteMessagesSuccessful
2019-07-18 22:50:04.530Z DEBUG [i.g.iainhull.bug.PersistentActor$] Intercepted message: WriteMessageSuccess(PersistentImpl(ValueRegistered(76),77,persistence,,false,null,e03f4ccb-81eb-4f5f-9510-842a4817935a),1)
2019-07-18 22:50:04.530Z INFO [i.g.iainhull.bug.PersistentActor$] Received command RegisterValue(77)
2019-07-18 22:50:04.532Z DEBUG [i.g.iainhull.bug.PersistentActor$] Intercepted message: WriteMessagesSuccessful
2019-07-18 22:50:04.532Z DEBUG [i.g.iainhull.bug.PersistentActor$] Intercepted message: WriteMessageSuccess(PersistentImpl(ValueRegistered(77),78,persistence,,false,null,e03f4ccb-81eb-4f5f-9510-842a4817935a),1)
2019-07-18 22:50:04.532Z INFO [i.g.iainhull.bug.PersistentActor$] Received command RegisterValue(78)
2019-07-18 22:50:04.534Z DEBUG [i.g.iainhull.bug.PersistentActor$] Intercepted message: WriteMessagesSuccessful
2019-07-18 22:50:04.534Z DEBUG [i.g.iainhull.bug.PersistentActor$] Intercepted message: WriteMessageSuccess(PersistentImpl(ValueRegistered(78),79,persistence,,false,null,e03f4ccb-81eb-4f5f-9510-842a4817935a),1)
2019-07-18 22:50:04.534Z INFO [i.g.iainhull.bug.PersistentActor$] Received command RegisterValue(79)
2019-07-18 22:50:04.534Z INFO [i.g.iainhull.bug.PersistentActor$] Lets snapshot 80 ValueRegistered(79) 80
2019-07-18 22:50:04.536Z DEBUG [i.g.iainhull.bug.PersistentActor$] Intercepted message: WriteMessagesSuccessful
2019-07-18 22:50:04.536Z DEBUG [i.g.iainhull.bug.PersistentActor$] Intercepted message: WriteMessageSuccess(PersistentImpl(ValueRegistered(79),80,persistence,,false,null,e03f4ccb-81eb-4f5f-9510-842a4817935a),1)
2019-07-18 22:50:04.537Z DEBUG [i.g.iainhull.bug.PersistentActor$] Intercepted message: SaveSnapshotSuccess(SnapshotMetadata(persistence,80,1563490204536))
2019-07-18 22:50:04.537Z INFO [i.g.iainhull.bug.PersistentActor$] Received signal SnapshotCompleted(SnapshotMetadata(persistence,80,1563490204536))
2019-07-18 22:50:04.537Z INFO [i.g.iainhull.bug.PersistentActor$] Received command RegisterValue(80)
2019-07-18 22:50:04.539Z DEBUG [i.g.iainhull.bug.PersistentActor$] Intercepted message: WriteMessagesSuccessful
2019-07-18 22:50:04.539Z DEBUG [i.g.iainhull.bug.PersistentActor$] Intercepted message: WriteMessageSuccess(PersistentImpl(ValueRegistered(80),81,persistence,,false,null,e03f4ccb-81eb-4f5f-9510-842a4817935a),1)
2019-07-18 22:50:04.540Z INFO [i.g.iainhull.bug.PersistentActor$] Received command RegisterValue(81)
2019-07-18 22:50:04.541Z DEBUG [i.g.iainhull.bug.PersistentActor$] Intercepted message: WriteMessagesSuccessful
2019-07-18 22:50:04.541Z DEBUG [i.g.iainhull.bug.PersistentActor$] Intercepted message: WriteMessageSuccess(PersistentImpl(ValueRegistered(81),82,persistence,,false,null,e03f4ccb-81eb-4f5f-9510-842a4817935a),1)
2019-07-18 22:50:04.542Z INFO [i.g.iainhull.bug.PersistentActor$] Received command RegisterValue(82)
2019-07-18 22:50:04.544Z DEBUG [i.g.iainhull.bug.PersistentActor$] Intercepted message: WriteMessagesSuccessful
2019-07-18 22:50:04.544Z DEBUG [i.g.iainhull.bug.PersistentActor$] Intercepted message: WriteMessageSuccess(PersistentImpl(ValueRegistered(82),83,persistence,,false,null,e03f4ccb-81eb-4f5f-9510-842a4817935a),1)
2019-07-18 22:50:04.544Z INFO [i.g.iainhull.bug.PersistentActor$] Received command RegisterValue(83)
2019-07-18 22:50:04.547Z DEBUG [i.g.iainhull.bug.PersistentActor$] Intercepted message: WriteMessagesSuccessful
2019-07-18 22:50:04.547Z DEBUG [i.g.iainhull.bug.PersistentActor$] Intercepted message: WriteMessageSuccess(PersistentImpl(ValueRegistered(83),84,persistence,,false,null,e03f4ccb-81eb-4f5f-9510-842a4817935a),1)
2019-07-18 22:50:04.547Z INFO [i.g.iainhull.bug.PersistentActor$] Received command RegisterValue(84)
2019-07-18 22:50:04.551Z DEBUG [i.g.iainhull.bug.PersistentActor$] Intercepted message: WriteMessagesSuccessful
2019-07-18 22:50:04.551Z DEBUG [i.g.iainhull.bug.PersistentActor$] Intercepted message: WriteMessageSuccess(PersistentImpl(ValueRegistered(84),85,persistence,,false,null,e03f4ccb-81eb-4f5f-9510-842a4817935a),1)
2019-07-18 22:50:04.551Z INFO [i.g.iainhull.bug.PersistentActor$] Received command RegisterValue(85)
2019-07-18 22:50:04.555Z DEBUG [i.g.iainhull.bug.PersistentActor$] Intercepted message: WriteMessagesSuccessful
2019-07-18 22:50:04.555Z DEBUG [i.g.iainhull.bug.PersistentActor$] Intercepted message: WriteMessageSuccess(PersistentImpl(ValueRegistered(85),86,persistence,,false,null,e03f4ccb-81eb-4f5f-9510-842a4817935a),1)
2019-07-18 22:50:04.556Z INFO [i.g.iainhull.bug.PersistentActor$] Received command RegisterValue(86)
2019-07-18 22:50:04.559Z DEBUG [i.g.iainhull.bug.PersistentActor$] Intercepted message: WriteMessagesSuccessful
2019-07-18 22:50:04.559Z DEBUG [i.g.iainhull.bug.PersistentActor$] Intercepted message: WriteMessageSuccess(PersistentImpl(ValueRegistered(86),87,persistence,,false,null,e03f4ccb-81eb-4f5f-9510-842a4817935a),1)
2019-07-18 22:50:04.559Z INFO [i.g.iainhull.bug.PersistentActor$] Received command RegisterValue(87)
2019-07-18 22:50:04.562Z DEBUG [i.g.iainhull.bug.PersistentActor$] Intercepted message: WriteMessagesSuccessful
2019-07-18 22:50:04.562Z DEBUG [i.g.iainhull.bug.PersistentActor$] Intercepted message: WriteMessageSuccess(PersistentImpl(ValueRegistered(87),88,persistence,,false,null,e03f4ccb-81eb-4f5f-9510-842a4817935a),1)
2019-07-18 22:50:04.562Z INFO [i.g.iainhull.bug.PersistentActor$] Received command RegisterValue(88)
2019-07-18 22:50:04.567Z DEBUG [i.g.iainhull.bug.PersistentActor$] Intercepted message: WriteMessagesSuccessful
2019-07-18 22:50:04.567Z DEBUG [i.g.iainhull.bug.PersistentActor$] Intercepted message: WriteMessageSuccess(PersistentImpl(ValueRegistered(88),89,persistence,,false,null,e03f4ccb-81eb-4f5f-9510-842a4817935a),1)
2019-07-18 22:50:04.567Z INFO [i.g.iainhull.bug.PersistentActor$] Received command RegisterValue(89)
2019-07-18 22:50:04.567Z INFO [i.g.iainhull.bug.PersistentActor$] Lets snapshot 90 ValueRegistered(89) 90
2019-07-18 22:50:04.572Z DEBUG [i.g.iainhull.bug.PersistentActor$] Intercepted message: WriteMessagesSuccessful
2019-07-18 22:50:04.572Z DEBUG [i.g.iainhull.bug.PersistentActor$] Intercepted message: WriteMessageSuccess(PersistentImpl(ValueRegistered(89),90,persistence,,false,null,e03f4ccb-81eb-4f5f-9510-842a4817935a),1)
2019-07-18 22:50:04.573Z DEBUG [i.g.iainhull.bug.PersistentActor$] Intercepted message: SaveSnapshotSuccess(SnapshotMetadata(persistence,90,1563490204572))
2019-07-18 22:50:04.573Z INFO [i.g.iainhull.bug.PersistentActor$] Received signal SnapshotCompleted(SnapshotMetadata(persistence,90,1563490204572))
2019-07-18 22:50:04.574Z INFO [i.g.iainhull.bug.PersistentActor$] Received command RegisterValue(90)
2019-07-18 22:50:04.578Z DEBUG [i.g.iainhull.bug.PersistentActor$] Intercepted message: WriteMessagesSuccessful
2019-07-18 22:50:04.579Z DEBUG [i.g.iainhull.bug.PersistentActor$] Intercepted message: WriteMessageSuccess(PersistentImpl(ValueRegistered(90),91,persistence,,false,null,e03f4ccb-81eb-4f5f-9510-842a4817935a),1)
2019-07-18 22:50:04.579Z INFO [i.g.iainhull.bug.PersistentActor$] Received command RegisterValue(91)
2019-07-18 22:50:04.584Z DEBUG [i.g.iainhull.bug.PersistentActor$] Intercepted message: WriteMessagesSuccessful
2019-07-18 22:50:04.584Z DEBUG [i.g.iainhull.bug.PersistentActor$] Intercepted message: WriteMessageSuccess(PersistentImpl(ValueRegistered(91),92,persistence,,false,null,e03f4ccb-81eb-4f5f-9510-842a4817935a),1)
2019-07-18 22:50:04.584Z INFO [i.g.iainhull.bug.PersistentActor$] Received command RegisterValue(92)
2019-07-18 22:50:04.588Z DEBUG [i.g.iainhull.bug.PersistentActor$] Intercepted message: WriteMessagesSuccessful
2019-07-18 22:50:04.588Z DEBUG [i.g.iainhull.bug.PersistentActor$] Intercepted message: WriteMessageSuccess(PersistentImpl(ValueRegistered(92),93,persistence,,false,null,e03f4ccb-81eb-4f5f-9510-842a4817935a),1)
2019-07-18 22:50:04.588Z INFO [i.g.iainhull.bug.PersistentActor$] Received command RegisterValue(93)
2019-07-18 22:50:04.593Z DEBUG [i.g.iainhull.bug.PersistentActor$] Intercepted message: WriteMessagesSuccessful
2019-07-18 22:50:04.593Z DEBUG [i.g.iainhull.bug.PersistentActor$] Intercepted message: WriteMessageSuccess(PersistentImpl(ValueRegistered(93),94,persistence,,false,null,e03f4ccb-81eb-4f5f-9510-842a4817935a),1)
2019-07-18 22:50:04.593Z INFO [i.g.iainhull.bug.PersistentActor$] Received command RegisterValue(94)
2019-07-18 22:50:04.596Z DEBUG [i.g.iainhull.bug.PersistentActor$] Intercepted message: WriteMessagesSuccessful
2019-07-18 22:50:04.596Z DEBUG [i.g.iainhull.bug.PersistentActor$] Intercepted message: WriteMessageSuccess(PersistentImpl(ValueRegistered(94),95,persistence,,false,null,e03f4ccb-81eb-4f5f-9510-842a4817935a),1)
2019-07-18 22:50:04.597Z INFO [i.g.iainhull.bug.PersistentActor$] Received command RegisterValue(95)
2019-07-18 22:50:04.600Z DEBUG [i.g.iainhull.bug.PersistentActor$] Intercepted message: WriteMessagesSuccessful
2019-07-18 22:50:04.600Z DEBUG [i.g.iainhull.bug.PersistentActor$] Intercepted message: WriteMessageSuccess(PersistentImpl(ValueRegistered(95),96,persistence,,false,null,e03f4ccb-81eb-4f5f-9510-842a4817935a),1)
2019-07-18 22:50:04.600Z INFO [i.g.iainhull.bug.PersistentActor$] Received command RegisterValue(96)
2019-07-18 22:50:04.604Z DEBUG [i.g.iainhull.bug.PersistentActor$] Intercepted message: WriteMessagesSuccessful
2019-07-18 22:50:04.604Z DEBUG [i.g.iainhull.bug.PersistentActor$] Intercepted message: WriteMessageSuccess(PersistentImpl(ValueRegistered(96),97,persistence,,false,null,e03f4ccb-81eb-4f5f-9510-842a4817935a),1)
2019-07-18 22:50:04.605Z INFO [i.g.iainhull.bug.PersistentActor$] Received command RegisterValue(97)
2019-07-18 22:50:04.610Z DEBUG [i.g.iainhull.bug.PersistentActor$] Intercepted message: WriteMessagesSuccessful
2019-07-18 22:50:04.610Z DEBUG [i.g.iainhull.bug.PersistentActor$] Intercepted message: WriteMessageSuccess(PersistentImpl(ValueRegistered(97),98,persistence,,false,null,e03f4ccb-81eb-4f5f-9510-842a4817935a),1)
2019-07-18 22:50:04.610Z INFO [i.g.iainhull.bug.PersistentActor$] Received command RegisterValue(98)
2019-07-18 22:50:04.614Z DEBUG [i.g.iainhull.bug.PersistentActor$] Intercepted message: WriteMessagesSuccessful
2019-07-18 22:50:04.614Z DEBUG [i.g.iainhull.bug.PersistentActor$] Intercepted message: WriteMessageSuccess(PersistentImpl(ValueRegistered(98),99,persistence,,false,null,e03f4ccb-81eb-4f5f-9510-842a4817935a),1)
2019-07-18 22:50:04.614Z INFO [i.g.iainhull.bug.PersistentActor$] Received command RegisterValue(99)
2019-07-18 22:50:04.614Z INFO [i.g.iainhull.bug.PersistentActor$] Lets snapshot 100 ValueRegistered(99) 100
2019-07-18 22:50:04.619Z DEBUG [i.g.iainhull.bug.PersistentActor$] Intercepted message: WriteMessagesSuccessful
2019-07-18 22:50:04.620Z DEBUG [i.g.iainhull.bug.PersistentActor$] Intercepted message: WriteMessageSuccess(PersistentImpl(ValueRegistered(99),100,persistence,,false,null,e03f4ccb-81eb-4f5f-9510-842a4817935a),1)
2019-07-18 22:50:04.622Z DEBUG [i.g.iainhull.bug.PersistentActor$] Intercepted message: SaveSnapshotSuccess(SnapshotMetadata(persistence,100,1563490204620))
2019-07-18 22:50:04.622Z INFO [i.g.iainhull.bug.PersistentActor$] Received signal SnapshotCompleted(SnapshotMetadata(persistence,100,1563490204620))
2019-07-18 22:50:04.622Z INFO [i.g.iainhull.bug.PersistentActor$] Received command RegisterValue(100)
2019-07-18 22:50:04.625Z DEBUG [i.g.iainhull.bug.PersistentActor$] Intercepted message: WriteMessagesSuccessful
2019-07-18 22:50:04.625Z DEBUG [i.g.iainhull.bug.PersistentActor$] Intercepted message: WriteMessageSuccess(PersistentImpl(ValueRegistered(100),101,persistence,,false,null,e03f4ccb-81eb-4f5f-9510-842a4817935a),1)
2019-07-18 22:50:19.225Z INFO [io.github.iainhull.bug.TestActor$] Ask failure java.util.concurrent.TimeoutException: Ask timed out on [Actor[akka://app/user/persistence#-163712343]] after [15000 ms]. Message of type [io.github.iainhull.bug.PersistentActor$GetState]. A typical reason for `AskTimeoutException` is that the recipient actor didn't send a reply.
2019-07-18 22:50:19.225Z DEBUG [io.github.iainhull.bug.TestActor$] Intercepted message: Stop
2019-07-18 22:50:19.226Z INFO [io.github.iainhull.bug.TestActor$] Stop
2019-07-18 22:50:19.228Z DEBUG [io.github.iainhull.bug.TestActor$] Intercepted signal: PostStop
2019-07-18 22:50:19.231Z DEBUG [io.github.iainhull.bug.Application$] Intercepted signal: Terminated(Actor[akka://app/user/test#391377391])
2019-07-18 22:50:19.235Z DEBUG [i.g.iainhull.bug.PersistentActor$] Intercepted signal: PostStop
2019-07-18 22:50:19.236Z INFO [i.g.iainhull.bug.PersistentActor$] Received signal PostStop
2019-07-18 22:50:19.237Z DEBUG [io.github.iainhull.bug.Application$] Intercepted signal: PostStop